<?xml version="1.0" encoding="UTF-8"?>
<!-- Generated by org.testng.reporters.JUnitReportReporter -->
<testsuite hostname="DESKTOP-VCH7H8L" failures="0" tests="3" name="com.crm.qa.testcases.LoginPageTest" time="28.961" errors="0" timestamp="30 May 2024 07:27:26 GMT" skipped="0">
  <testcase classname="com.crm.qa.testcases.LoginPageTest" name="loginPageTitleTest" time="6.510"/>
  <testcase classname="com.crm.qa.testcases.LoginPageTest" name="crmLogoImageTest" time="7.254"/>
  <testcase classname="com.crm.qa.testcases.LoginPageTest" name="loginTest" time="15.197"/>
</testsuite> <!-- com.crm.qa.testcases.LoginPageTest -->
