<?xml version="1.0" encoding="UTF-8"?>
<!-- Generated by org.testng.reporters.JUnitReportReporter -->
<testsuite hostname="DESKTOP-VCH7H8L" failures="0" tests="3" name="com.crm.qa.testcases.LoginPageTest" time="31.212" errors="0" timestamp="30 May 2024 06:15:18 GMT" skipped="0">
  <testcase classname="com.crm.qa.testcases.LoginPageTest" name="loginPageTitleTest" time="6.336"/>
  <testcase classname="com.crm.qa.testcases.LoginPageTest" name="crmLogoImageTest" time="8.802"/>
  <testcase classname="com.crm.qa.testcases.LoginPageTest" name="loginTest" time="16.074"/>
</testsuite> <!-- com.crm.qa.testcases.LoginPageTest -->
